<?xml version="1.0" encoding="UTF-8"?>
<testsuite xmlns:xsi="http://www.w3.org/2001/XMLSchema-instance" xsi:schemaLocation="https://maven.apache.org/surefire/maven-surefire-plugin/xsd/surefire-test-report.xsd" name="TestSuite" time="13.404" tests="5" errors="0" skipped="4" failures="1">
  <properties>
[...]
</properties>
  <testcase name="CreateBetrClient" classname="Test_Classes.Payments_ACH_Debit_Credit_Origination" time="5.313">
    <failure message="no such window: target window already closed&#10;from unknown error: web view not found&#10;  (Session info: chrome=83.0.4103.106)&#10;Build info: version: &apos;3.141.59&apos;, revision: &apos;e82be7d358&apos;, time: &apos;2018-11-14T08:17:03&apos;&#10;System info: host: &apos;NYLL00126&apos;, ip: &apos;192.168.1.7&apos;, os.name: &apos;Windows 10&apos;, os.arch: &apos;amd64&apos;, os.version: &apos;10.0&apos;, java.version: &apos;14.0.1&apos;&#10;Driver info: org.openqa.selenium.chrome.ChromeDriver&#10;Capabilities {acceptInsecureCerts: false, browserName: chrome, browserVersion: 83.0.4103.106, chrome: {chromedriverVersion: 83.0.4103.39 (ccbf011cb2d2b..., userDataDir: C:\Users\SUMON~1.KAS\AppDat...}, goog:chromeOptions: {debuggerAddress: localhost:50442}, javascriptEnabled: true, networkConnectionEnabled: false, pageLoadStrategy: normal, platform: WINDOWS, platformName: WINDOWS, proxy: Proxy(), setWindowRect: true, strictFileInteractability: false, timeouts: {implicit: 0, pageLoad: 300000, script: 30000}, unhandledPromptBehavior: dismiss and notify, webauthn:virtualAuthenticators: true}&#10;Session ID: f8b325161de3fc8e74b9c942f4b9a6ae" type="org.openqa.selenium.NoSuchWindowException">org.openqa.selenium.NoSuchWindowException: 
no such window: target window already closed
from unknown error: web view not found
  (Session info: chrome=83.0.4103.106)
Build info: version: '3.141.59', revision: 'e82be7d358', time: '2018-11-14T08:17:03'
System info: host: 'NYLL00126', ip: '192.168.1.7', os.name: 'Windows 10', os.arch: 'amd64', os.version: '10.0', java.version: '14.0.1'
Driver info: org.openqa.selenium.chrome.ChromeDriver
Capabilities {acceptInsecureCerts: false, browserName: chrome, browserVersion: 83.0.4103.106, chrome: {chromedriverVersion: 83.0.4103.39 (ccbf011cb2d2b..., userDataDir: C:\Users\SUMON~1.KAS\AppDat...}, goog:chromeOptions: {debuggerAddress: localhost:50442}, javascriptEnabled: true, networkConnectionEnabled: false, pageLoadStrategy: normal, platform: WINDOWS, platformName: WINDOWS, proxy: Proxy(), setWindowRect: true, strictFileInteractability: false, timeouts: {implicit: 0, pageLoad: 300000, script: 30000}, unhandledPromptBehavior: dismiss and notify, webauthn:virtualAuthenticators: true}
Session ID: f8b325161de3fc8e74b9c942f4b9a6ae
	at Test_Classes.Payments_ACH_Debit_Credit_Origination.CreateBetrClient(Payments_ACH_Debit_Credit_Origination.java:75)
</failure>
    <system-out><![CDATA[Entering a value on element Username
Entering a value on element Password
Clicking a value on element Login Button
]]></system-out>
    <system-err><![CDATA[Starting ChromeDriver 83.0.4103.39 (ccbf011cb2d2b19b506d844400483861342c20cd-refs/branch-heads/4103@{#416}) on port 4636
Only local connections are allowed.
Please see https://chromedriver.chromium.org/security-considerations for suggestions on keeping ChromeDriver safe.
ChromeDriver was started successfully.
Jun 29, 2020 2:08:52 PM org.openqa.selenium.remote.ProtocolHandshake createSession
INFO: Detected dialect: W3C
]]></system-err>
  </testcase>
  <testcase name="CreateDebitAndCreditTransactions" classname="Test_Classes.Payments_ACH_Debit_Credit_Origination" time="0">
    <skipped message="Method Payments_ACH_Debit_Credit_Origination.CreateDebitAndCreditTransactions()[pri:0, instance:Test_Classes.Payments_ACH_Debit_Credit_Origination@23bb8443] depends on not successfully finished methods"/>
  </testcase>
  <testcase name="callACHOutBatch" classname="Test_Classes.Payments_ACH_Debit_Credit_Origination" time="0">
    <skipped message="Method Payments_ACH_Debit_Credit_Origination.callACHOutBatch()[pri:0, instance:Test_Classes.Payments_ACH_Debit_Credit_Origination@23bb8443] depends on not successfully finished methods"/>
  </testcase>
  <testcase name="verifyACHOutData" classname="Test_Classes.Payments_ACH_Debit_Credit_Origination" time="0">
    <skipped message="Method Payments_ACH_Debit_Credit_Origination.verifyACHOutData()[pri:0, instance:Test_Classes.Payments_ACH_Debit_Credit_Origination@23bb8443] depends on not successfully finished methods"/>
  </testcase>
  <testcase name="deleteAllData" classname="Test_Classes.Payments_ACH_Debit_Credit_Origination" time="0">
    <skipped message="Method Payments_ACH_Debit_Credit_Origination.deleteAllData()[pri:0, instance:Test_Classes.Payments_ACH_Debit_Credit_Origination@23bb8443] depends on not successfully finished methods"/>
  </testcase>
</testsuite>